[0.082s] DEBUG:colcon:Command line arguments: ['/usr/bin/colcon', 'build', '--symlink-install']
[0.082s] DEBUG:colcon:Parsed command line arguments: Namespace(log_base=None, log_level=None, verb_name='build', build_base='build', install_base='install', merge_install=False, symlink_install=True, test_result_base=None, continue_on_error=False, executor='parallel', parallel_workers=12, event_handlers=None, ignore_user_meta=False, metas=['./colcon.meta'], base_paths=['.'], packages_ignore=None, packages_ignore_regex=None, paths=None, packages_up_to=None, packages_up_to_regex=None, packages_above=None, packages_above_and_dependencies=None, packages_above_depth=None, packages_select_by_dep=None, packages_skip_by_dep=None, packages_skip_up_to=None, packages_select_build_failed=False, packages_skip_build_finished=False, packages_select_test_failures=False, packages_skip_test_passed=False, packages_select=None, packages_skip=None, packages_select_regex=None, packages_skip_regex=None, packages_start=None, packages_end=None, allow_overriding=[], cmake_args=None, cmake_target=None, cmake_target_skip_unavailable=False, cmake_clean_cache=False, cmake_clean_first=False, cmake_force_configure=False, ament_cmake_args=None, catkin_cmake_args=None, catkin_skip_building_tests=False, verb_parser=<colcon_defaults.argument_parser.defaults.DefaultArgumentsDecorator object at 0x74beda454550>, verb_extension=<colcon_core.verb.build.BuildVerb object at 0x74beda41bdf0>, main=<bound method BuildVerb.main of <colcon_core.verb.build.BuildVerb object at 0x74beda41bdf0>>)
[0.215s] Level 1:colcon.colcon_core.package_discovery:discover_packages(colcon_meta) check parameters
[0.215s] Level 1:colcon.colcon_core.package_discovery:discover_packages(recursive) check parameters
[0.215s] Level 1:colcon.colcon_core.package_discovery:discover_packages(ignore) check parameters
[0.215s] Level 1:colcon.colcon_core.package_discovery:discover_packages(path) check parameters
[0.215s] Level 1:colcon.colcon_core.package_discovery:discover_packages(colcon_meta) discover
[0.215s] Level 1:colcon.colcon_core.package_discovery:discover_packages(recursive) discover
[0.215s] INFO:colcon.colcon_core.package_discovery:Crawling recursively for packages in '/home/bedylmz/Desktop/hw5_1/src'
[0.215s] Level 1:colcon.colcon_core.package_identification:_identify(.) by extensions ['ignore', 'ignore_ament_install']
[0.215s] Level 1:colcon.colcon_core.package_identification:_identify(.) by extension 'ignore'
[0.215s] Level 1:colcon.colcon_core.package_identification:_identify(.) by extension 'ignore_ament_install'
[0.215s] Level 1:colcon.colcon_core.package_identification:_identify(.) by extensions ['colcon_pkg']
[0.215s] Level 1:colcon.colcon_core.package_identification:_identify(.) by extension 'colcon_pkg'
[0.215s] Level 1:colcon.colcon_core.package_identification:_identify(.) by extensions ['colcon_meta']
[0.215s] Level 1:colcon.colcon_core.package_identification:_identify(.) by extension 'colcon_meta'
[0.215s] Level 1:colcon.colcon_core.package_identification:_identify(.) by extensions ['ros']
[0.215s] Level 1:colcon.colcon_core.package_identification:_identify(.) by extension 'ros'
[0.224s] Level 1:colcon.colcon_core.package_identification:_identify(.) by extensions ['cmake', 'python']
[0.244s] Level 1:colcon.colcon_core.package_identification:_identify(.) by extension 'cmake'
[0.244s] Level 1:colcon.colcon_core.package_identification:_identify(.) by extension 'python'
[0.244s] Level 1:colcon.colcon_core.package_identification:_identify(.) by extensions ['python_setup_py']
[0.244s] Level 1:colcon.colcon_core.package_identification:_identify(.) by extension 'python_setup_py'
[0.244s] Level 1:colcon.colcon_core.package_identification:_identify(auto_drive) by extensions ['ignore', 'ignore_ament_install']
[0.244s] Level 1:colcon.colcon_core.package_identification:_identify(auto_drive) by extension 'ignore'
[0.244s] Level 1:colcon.colcon_core.package_identification:_identify(auto_drive) by extension 'ignore_ament_install'
[0.244s] Level 1:colcon.colcon_core.package_identification:_identify(auto_drive) by extensions ['colcon_pkg']
[0.244s] Level 1:colcon.colcon_core.package_identification:_identify(auto_drive) by extension 'colcon_pkg'
[0.244s] Level 1:colcon.colcon_core.package_identification:_identify(auto_drive) by extensions ['colcon_meta']
[0.244s] Level 1:colcon.colcon_core.package_identification:_identify(auto_drive) by extension 'colcon_meta'
[0.244s] Level 1:colcon.colcon_core.package_identification:_identify(auto_drive) by extensions ['ros']
[0.244s] Level 1:colcon.colcon_core.package_identification:_identify(auto_drive) by extension 'ros'
[0.247s] DEBUG:colcon.colcon_core.package_identification:Package 'auto_drive' with type 'ros.ament_python' and name 'auto_drive'
[0.247s] Level 1:colcon.colcon_core.package_identification:_identify(build) by extensions ['ignore', 'ignore_ament_install']
[0.247s] Level 1:colcon.colcon_core.package_identification:_identify(build) by extension 'ignore'
[0.247s] Level 1:colcon.colcon_core.package_identification:_identify(build) ignored
[0.247s] Level 1:colcon.colcon_core.package_identification:_identify(install) by extensions ['ignore', 'ignore_ament_install']
[0.247s] Level 1:colcon.colcon_core.package_identification:_identify(install) by extension 'ignore'
[0.247s] Level 1:colcon.colcon_core.package_identification:_identify(install) ignored
[0.247s] Level 1:colcon.colcon_core.package_identification:_identify(log) by extensions ['ignore', 'ignore_ament_install']
[0.247s] Level 1:colcon.colcon_core.package_identification:_identify(log) by extension 'ignore'
[0.247s] Level 1:colcon.colcon_core.package_identification:_identify(log) ignored
[0.247s] Level 1:colcon.colcon_core.package_identification:_identify(map) by extensions ['ignore', 'ignore_ament_install']
[0.248s] Level 1:colcon.colcon_core.package_identification:_identify(map) by extension 'ignore'
[0.248s] Level 1:colcon.colcon_core.package_identification:_identify(map) by extension 'ignore_ament_install'
[0.248s] Level 1:colcon.colcon_core.package_identification:_identify(map) by extensions ['colcon_pkg']
[0.248s] Level 1:colcon.colcon_core.package_identification:_identify(map) by extension 'colcon_pkg'
[0.248s] Level 1:colcon.colcon_core.package_identification:_identify(map) by extensions ['colcon_meta']
[0.248s] Level 1:colcon.colcon_core.package_identification:_identify(map) by extension 'colcon_meta'
[0.248s] Level 1:colcon.colcon_core.package_identification:_identify(map) by extensions ['ros']
[0.248s] Level 1:colcon.colcon_core.package_identification:_identify(map) by extension 'ros'
[0.248s] Level 1:colcon.colcon_core.package_identification:_identify(map) by extensions ['cmake', 'python']
[0.248s] Level 1:colcon.colcon_core.package_identification:_identify(map) by extension 'cmake'
[0.248s] Level 1:colcon.colcon_core.package_identification:_identify(map) by extension 'python'
[0.248s] Level 1:colcon.colcon_core.package_identification:_identify(map) by extensions ['python_setup_py']
[0.248s] Level 1:colcon.colcon_core.package_identification:_identify(map) by extension 'python_setup_py'
[0.248s] Level 1:colcon.colcon_core.package_discovery:discover_packages(recursive) using defaults
[0.248s] Level 1:colcon.colcon_core.package_discovery:discover_packages(ignore) discover
[0.248s] Level 1:colcon.colcon_core.package_discovery:discover_packages(ignore) using defaults
[0.248s] Level 1:colcon.colcon_core.package_discovery:discover_packages(path) discover
[0.248s] Level 1:colcon.colcon_core.package_discovery:discover_packages(path) using defaults
[0.264s] Level 1:colcon.colcon_core.package_discovery:discover_packages(prefix_path) check parameters
[0.264s] Level 1:colcon.colcon_core.package_discovery:discover_packages(prefix_path) discover
[0.275s] DEBUG:colcon.colcon_installed_package_information.package_discovery:Found 0 installed packages in /home/bedylmz/Desktop/hw5_1/install
[0.277s] DEBUG:colcon.colcon_installed_package_information.package_discovery:Found 438 installed packages in /opt/ros/humble
[0.278s] Level 1:colcon.colcon_core.package_discovery:discover_packages(prefix_path) using defaults
[0.320s] Level 5:colcon.colcon_core.verb:set package 'auto_drive' build argument 'cmake_args' from command line to 'None'
[0.342s] Level 5:colcon.colcon_core.verb:set package 'auto_drive' build argument 'cmake_target' from command line to 'None'
[0.342s] Level 5:colcon.colcon_core.verb:set package 'auto_drive' build argument 'cmake_target_skip_unavailable' from command line to 'False'
[0.342s] Level 5:colcon.colcon_core.verb:set package 'auto_drive' build argument 'cmake_clean_cache' from command line to 'False'
[0.342s] Level 5:colcon.colcon_core.verb:set package 'auto_drive' build argument 'cmake_clean_first' from command line to 'False'
[0.343s] Level 5:colcon.colcon_core.verb:set package 'auto_drive' build argument 'cmake_force_configure' from command line to 'False'
[0.343s] Level 5:colcon.colcon_core.verb:set package 'auto_drive' build argument 'ament_cmake_args' from command line to 'None'
[0.343s] Level 5:colcon.colcon_core.verb:set package 'auto_drive' build argument 'catkin_cmake_args' from command line to 'None'
[0.343s] Level 5:colcon.colcon_core.verb:set package 'auto_drive' build argument 'catkin_skip_building_tests' from command line to 'False'
[0.343s] DEBUG:colcon.colcon_core.verb:Building package 'auto_drive' with the following arguments: {'ament_cmake_args': None, 'build_base': '/home/bedylmz/Desktop/hw5_1/src/build/auto_drive', 'catkin_cmake_args': None, 'catkin_skip_building_tests': False, 'cmake_args': None, 'cmake_clean_cache': False, 'cmake_clean_first': False, 'cmake_force_configure': False, 'cmake_target': None, 'cmake_target_skip_unavailable': False, 'install_base': '/home/bedylmz/Desktop/hw5_1/src/install/auto_drive', 'merge_install': False, 'path': '/home/bedylmz/Desktop/hw5_1/src/auto_drive', 'symlink_install': True, 'test_result_base': None}
[0.343s] INFO:colcon.colcon_core.executor:Executing jobs using 'parallel' executor
[0.344s] DEBUG:colcon.colcon_parallel_executor.executor.parallel:run_until_complete
[0.344s] INFO:colcon.colcon_ros.task.ament_python.build:Building ROS package in '/home/bedylmz/Desktop/hw5_1/src/auto_drive' with build type 'ament_python'
[0.345s] Level 1:colcon.colcon_core.shell:create_environment_hook('auto_drive', 'ament_prefix_path')
[0.347s] INFO:colcon.colcon_core.plugin_system:Skipping extension 'colcon_core.shell.bat': Not used on non-Windows systems
[0.347s] INFO:colcon.colcon_core.shell:Creating environment hook '/home/bedylmz/Desktop/hw5_1/src/install/auto_drive/share/auto_drive/hook/ament_prefix_path.ps1'
[0.348s] INFO:colcon.colcon_core.shell:Creating environment descriptor '/home/bedylmz/Desktop/hw5_1/src/install/auto_drive/share/auto_drive/hook/ament_prefix_path.dsv'
[0.348s] INFO:colcon.colcon_core.shell:Creating environment hook '/home/bedylmz/Desktop/hw5_1/src/install/auto_drive/share/auto_drive/hook/ament_prefix_path.sh'
[0.349s] INFO:colcon.colcon_core.shell:Skip shell extension 'powershell' for command environment: Not usable outside of PowerShell
[0.349s] DEBUG:colcon.colcon_core.shell:Skip shell extension 'dsv' for command environment
[0.553s] INFO:colcon.colcon_core.task.python.build:Building Python package in '/home/bedylmz/Desktop/hw5_1/src/auto_drive'
[0.554s] INFO:colcon.colcon_core.shell:Skip shell extension 'powershell' for command environment: Not usable outside of PowerShell
[0.554s] DEBUG:colcon.colcon_core.shell:Skip shell extension 'dsv' for command environment
[0.832s] DEBUG:colcon.colcon_core.event_handler.log_command:Invoking command in '/home/bedylmz/Desktop/hw5_1/src/build/auto_drive': PYTHONPATH=/home/bedylmz/Desktop/hw5_1/src/build/auto_drive/prefix_override:/usr/lib/python3/dist-packages/colcon_core/task/python/colcon_distutils_commands:/home/bedylmz/Desktop/hw5_1/src/install/auto_drive/lib/python3.10/site-packages:${PYTHONPATH} /usr/bin/python3 -W ignore:setup.py install is deprecated -W ignore:easy_install command is deprecated setup.py develop --editable --build-directory /home/bedylmz/Desktop/hw5_1/src/build/auto_drive/build --no-deps symlink_data
[1.226s] Level 1:colcon.colcon_core.shell:create_environment_hook('auto_drive', 'pythonpath_develop')
[1.226s] INFO:colcon.colcon_core.shell:Creating environment hook '/home/bedylmz/Desktop/hw5_1/src/build/auto_drive/share/auto_drive/hook/pythonpath_develop.ps1'
[1.226s] DEBUG:colcon.colcon_core.event_handler.log_command:Invoked command in '/home/bedylmz/Desktop/hw5_1/src/build/auto_drive' returned '0': PYTHONPATH=/home/bedylmz/Desktop/hw5_1/src/build/auto_drive/prefix_override:/usr/lib/python3/dist-packages/colcon_core/task/python/colcon_distutils_commands:/home/bedylmz/Desktop/hw5_1/src/install/auto_drive/lib/python3.10/site-packages:${PYTHONPATH} /usr/bin/python3 -W ignore:setup.py install is deprecated -W ignore:easy_install command is deprecated setup.py develop --editable --build-directory /home/bedylmz/Desktop/hw5_1/src/build/auto_drive/build --no-deps symlink_data
[1.227s] INFO:colcon.colcon_core.shell:Creating environment descriptor '/home/bedylmz/Desktop/hw5_1/src/build/auto_drive/share/auto_drive/hook/pythonpath_develop.dsv'
[1.227s] INFO:colcon.colcon_core.shell:Creating environment hook '/home/bedylmz/Desktop/hw5_1/src/build/auto_drive/share/auto_drive/hook/pythonpath_develop.sh'
[1.229s] Level 1:colcon.colcon_core.environment:checking '/home/bedylmz/Desktop/hw5_1/src/install/auto_drive' for CMake module files
[1.229s] Level 1:colcon.colcon_core.environment:checking '/home/bedylmz/Desktop/hw5_1/src/install/auto_drive' for CMake config files
[1.230s] Level 1:colcon.colcon_core.environment:checking '/home/bedylmz/Desktop/hw5_1/src/install/auto_drive/lib'
[1.230s] Level 1:colcon.colcon_core.environment:checking '/home/bedylmz/Desktop/hw5_1/src/install/auto_drive/bin'
[1.230s] Level 1:colcon.colcon_core.environment:checking '/home/bedylmz/Desktop/hw5_1/src/install/auto_drive/lib/pkgconfig/auto_drive.pc'
[1.230s] Level 1:colcon.colcon_core.environment:checking '/home/bedylmz/Desktop/hw5_1/src/install/auto_drive/lib/python3.10/site-packages'
[1.230s] Level 1:colcon.colcon_core.shell:create_environment_hook('auto_drive', 'pythonpath')
[1.231s] INFO:colcon.colcon_core.shell:Creating environment hook '/home/bedylmz/Desktop/hw5_1/src/install/auto_drive/share/auto_drive/hook/pythonpath.ps1'
[1.231s] INFO:colcon.colcon_core.shell:Creating environment descriptor '/home/bedylmz/Desktop/hw5_1/src/install/auto_drive/share/auto_drive/hook/pythonpath.dsv'
[1.231s] INFO:colcon.colcon_core.shell:Creating environment hook '/home/bedylmz/Desktop/hw5_1/src/install/auto_drive/share/auto_drive/hook/pythonpath.sh'
[1.231s] Level 1:colcon.colcon_core.environment:checking '/home/bedylmz/Desktop/hw5_1/src/install/auto_drive/bin'
[1.232s] Level 1:colcon.colcon_core.environment:create_environment_scripts_only(auto_drive)
[1.232s] INFO:colcon.colcon_core.shell:Creating package script '/home/bedylmz/Desktop/hw5_1/src/install/auto_drive/share/auto_drive/package.ps1'
[1.232s] INFO:colcon.colcon_core.shell:Creating package descriptor '/home/bedylmz/Desktop/hw5_1/src/install/auto_drive/share/auto_drive/package.dsv'
[1.233s] INFO:colcon.colcon_core.shell:Creating package script '/home/bedylmz/Desktop/hw5_1/src/install/auto_drive/share/auto_drive/package.sh'
[1.233s] INFO:colcon.colcon_core.shell:Creating package script '/home/bedylmz/Desktop/hw5_1/src/install/auto_drive/share/auto_drive/package.bash'
[1.234s] INFO:colcon.colcon_core.shell:Creating package script '/home/bedylmz/Desktop/hw5_1/src/install/auto_drive/share/auto_drive/package.zsh'
[1.234s] Level 1:colcon.colcon_core.environment:create_file_with_runtime_dependencies(/home/bedylmz/Desktop/hw5_1/src/install/auto_drive/share/colcon-core/packages/auto_drive)
[1.235s] DEBUG:colcon.colcon_parallel_executor.executor.parallel:closing loop
[1.235s] DEBUG:colcon.colcon_parallel_executor.executor.parallel:loop closed
[1.235s] DEBUG:colcon.colcon_parallel_executor.executor.parallel:run_until_complete finished with '0'
[1.235s] DEBUG:colcon.colcon_core.event_reactor:joining thread
[1.239s] INFO:colcon.colcon_core.plugin_system:Skipping extension 'colcon_notification.desktop_notification.notify_send': Could not find 'notify-send'
[1.239s] INFO:colcon.colcon_core.plugin_system:Skipping extension 'colcon_notification.desktop_notification.terminal_notifier': Not used on non-Darwin systems
[1.239s] INFO:colcon.colcon_core.plugin_system:Skipping extension 'colcon_notification.desktop_notification.win32': Not used on non-Windows systems
[1.239s] INFO:colcon.colcon_notification.desktop_notification:Sending desktop notification using 'notify2'
[1.253s] DEBUG:colcon.colcon_core.event_reactor:joined thread
[1.253s] INFO:colcon.colcon_core.shell:Creating prefix script '/home/bedylmz/Desktop/hw5_1/src/install/local_setup.ps1'
[1.254s] INFO:colcon.colcon_core.shell:Creating prefix util module '/home/bedylmz/Desktop/hw5_1/src/install/_local_setup_util_ps1.py'
[1.255s] INFO:colcon.colcon_core.shell:Creating prefix chain script '/home/bedylmz/Desktop/hw5_1/src/install/setup.ps1'
[1.256s] INFO:colcon.colcon_core.shell:Creating prefix script '/home/bedylmz/Desktop/hw5_1/src/install/local_setup.sh'
[1.256s] INFO:colcon.colcon_core.shell:Creating prefix util module '/home/bedylmz/Desktop/hw5_1/src/install/_local_setup_util_sh.py'
[1.257s] INFO:colcon.colcon_core.shell:Creating prefix chain script '/home/bedylmz/Desktop/hw5_1/src/install/setup.sh'
[1.258s] INFO:colcon.colcon_core.shell:Creating prefix script '/home/bedylmz/Desktop/hw5_1/src/install/local_setup.bash'
[1.258s] INFO:colcon.colcon_core.shell:Creating prefix chain script '/home/bedylmz/Desktop/hw5_1/src/install/setup.bash'
[1.259s] INFO:colcon.colcon_core.shell:Creating prefix script '/home/bedylmz/Desktop/hw5_1/src/install/local_setup.zsh'
[1.259s] INFO:colcon.colcon_core.shell:Creating prefix chain script '/home/bedylmz/Desktop/hw5_1/src/install/setup.zsh'
