running develop
Removing /home/bedylmz/Desktop/hw5_1/src/install/auto_drive/lib/python3.10/site-packages/auto-drive.egg-link (link to .)
running egg_info
writing ../build/auto_drive/auto_drive.egg-info/PKG-INFO
writing dependency_links to ../build/auto_drive/auto_drive.egg-info/dependency_links.txt
writing entry points to ../build/auto_drive/auto_drive.egg-info/entry_points.txt
writing requirements to ../build/auto_drive/auto_drive.egg-info/requires.txt
writing top-level names to ../build/auto_drive/auto_drive.egg-info/top_level.txt
reading manifest file '../build/auto_drive/auto_drive.egg-info/SOURCES.txt'
writing manifest file '../build/auto_drive/auto_drive.egg-info/SOURCES.txt'
running build
running build_py
creating /home/bedylmz/Desktop/hw5_1/src/build/auto_drive/build
creating /home/bedylmz/Desktop/hw5_1/src/build/auto_drive/build/lib
creating /home/bedylmz/Desktop/hw5_1/src/build/auto_drive/build/lib/auto_drive
copying auto_drive/__init__.py -> /home/bedylmz/Desktop/hw5_1/src/build/auto_drive/build/lib/auto_drive
copying auto_drive/auto_drive.py -> /home/bedylmz/Desktop/hw5_1/src/build/auto_drive/build/lib/auto_drive
running install
running install_lib
creating /home/bedylmz/Desktop/hw5_1/src/install/auto_drive/lib/python3.10/site-packages/auto_drive
copying /home/bedylmz/Desktop/hw5_1/src/build/auto_drive/build/lib/auto_drive/__init__.py -> /home/bedylmz/Desktop/hw5_1/src/install/auto_drive/lib/python3.10/site-packages/auto_drive
copying /home/bedylmz/Desktop/hw5_1/src/build/auto_drive/build/lib/auto_drive/auto_drive.py -> /home/bedylmz/Desktop/hw5_1/src/install/auto_drive/lib/python3.10/site-packages/auto_drive
byte-compiling /home/bedylmz/Desktop/hw5_1/src/install/auto_drive/lib/python3.10/site-packages/auto_drive/__init__.py to __init__.cpython-310.pyc
byte-compiling /home/bedylmz/Desktop/hw5_1/src/install/auto_drive/lib/python3.10/site-packages/auto_drive/auto_drive.py to auto_drive.cpython-310.pyc
running install_data
copying resource/auto_drive -> /home/bedylmz/Desktop/hw5_1/src/install/auto_drive/share/ament_index/resource_index/packages
copying package.xml -> /home/bedylmz/Desktop/hw5_1/src/install/auto_drive/share/auto_drive
running install_egg_info
Copying ../build/auto_drive/auto_drive.egg-info to /home/bedylmz/Desktop/hw5_1/src/install/auto_drive/lib/python3.10/site-packages/auto_drive-0.0.0-py3.10.egg-info
running install_scripts
Installing drive script to /home/bedylmz/Desktop/hw5_1/src/install/auto_drive/lib/auto_drive
writing list of installed files to '/home/bedylmz/Desktop/hw5_1/src/build/auto_drive/install.log'
