[7.412s] Invoking command in '/home/bedylmz/Desktop/hw5_1/src/build/auto_drive': PYTHONPATH=/home/bedylmz/Desktop/hw5_1/src/build/auto_drive/prefix_override:/usr/lib/python3/dist-packages/colcon_core/task/python/colcon_distutils_commands:/home/bedylmz/Desktop/hw5_1/src/install/auto_drive/lib/python3.10/site-packages:${PYTHONPATH} /usr/bin/python3 -W ignore:setup.py install is deprecated -W ignore:easy_install command is deprecated setup.py develop --uninstall --editable --build-directory /home/bedylmz/Desktop/hw5_1/src/build/auto_drive/build
[7.608s] running develop
[7.807s] Removing /home/bedylmz/Desktop/hw5_1/src/install/auto_drive/lib/python3.10/site-packages/auto-drive.egg-link (link to .)
[7.833s] Invoked command in '/home/bedylmz/Desktop/hw5_1/src/build/auto_drive' returned '0': PYTHONPATH=/home/bedylmz/Desktop/hw5_1/src/build/auto_drive/prefix_override:/usr/lib/python3/dist-packages/colcon_core/task/python/colcon_distutils_commands:/home/bedylmz/Desktop/hw5_1/src/install/auto_drive/lib/python3.10/site-packages:${PYTHONPATH} /usr/bin/python3 -W ignore:setup.py install is deprecated -W ignore:easy_install command is deprecated setup.py develop --uninstall --editable --build-directory /home/bedylmz/Desktop/hw5_1/src/build/auto_drive/build
[7.834s] Invoking command in '/home/bedylmz/Desktop/hw5_1/src/auto_drive': PYTHONPATH=/home/bedylmz/Desktop/hw5_1/src/build/auto_drive/prefix_override:/usr/lib/python3/dist-packages/colcon_core/task/python/colcon_distutils_commands:/home/bedylmz/Desktop/hw5_1/src/install/auto_drive/lib/python3.10/site-packages:${PYTHONPATH} /usr/bin/python3 -W ignore:setup.py install is deprecated -W ignore:easy_install command is deprecated setup.py egg_info --egg-base ../build/auto_drive build --build-base /home/bedylmz/Desktop/hw5_1/src/build/auto_drive/build install --record /home/bedylmz/Desktop/hw5_1/src/build/auto_drive/install.log --single-version-externally-managed install_data --force
[8.015s] running egg_info
[8.015s] writing ../build/auto_drive/auto_drive.egg-info/PKG-INFO
[8.016s] writing dependency_links to ../build/auto_drive/auto_drive.egg-info/dependency_links.txt
[8.016s] writing entry points to ../build/auto_drive/auto_drive.egg-info/entry_points.txt
[8.016s] writing requirements to ../build/auto_drive/auto_drive.egg-info/requires.txt
[8.016s] writing top-level names to ../build/auto_drive/auto_drive.egg-info/top_level.txt
[8.017s] reading manifest file '../build/auto_drive/auto_drive.egg-info/SOURCES.txt'
[8.052s] writing manifest file '../build/auto_drive/auto_drive.egg-info/SOURCES.txt'
[8.052s] running build
[8.052s] running build_py
[8.053s] creating /home/bedylmz/Desktop/hw5_1/src/build/auto_drive/build
[8.053s] creating /home/bedylmz/Desktop/hw5_1/src/build/auto_drive/build/lib
[8.053s] creating /home/bedylmz/Desktop/hw5_1/src/build/auto_drive/build/lib/auto_drive
[8.053s] copying auto_drive/__init__.py -> /home/bedylmz/Desktop/hw5_1/src/build/auto_drive/build/lib/auto_drive
[8.053s] copying auto_drive/auto_drive.py -> /home/bedylmz/Desktop/hw5_1/src/build/auto_drive/build/lib/auto_drive
[8.053s] running install
[8.053s] running install_lib
[8.055s] creating /home/bedylmz/Desktop/hw5_1/src/install/auto_drive/lib/python3.10/site-packages/auto_drive
[8.055s] copying /home/bedylmz/Desktop/hw5_1/src/build/auto_drive/build/lib/auto_drive/__init__.py -> /home/bedylmz/Desktop/hw5_1/src/install/auto_drive/lib/python3.10/site-packages/auto_drive
[8.055s] copying /home/bedylmz/Desktop/hw5_1/src/build/auto_drive/build/lib/auto_drive/auto_drive.py -> /home/bedylmz/Desktop/hw5_1/src/install/auto_drive/lib/python3.10/site-packages/auto_drive
[8.055s] byte-compiling /home/bedylmz/Desktop/hw5_1/src/install/auto_drive/lib/python3.10/site-packages/auto_drive/__init__.py to __init__.cpython-310.pyc
[8.056s] byte-compiling /home/bedylmz/Desktop/hw5_1/src/install/auto_drive/lib/python3.10/site-packages/auto_drive/auto_drive.py to auto_drive.cpython-310.pyc
[8.056s] running install_data
[8.056s] copying resource/auto_drive -> /home/bedylmz/Desktop/hw5_1/src/install/auto_drive/share/ament_index/resource_index/packages
[8.056s] copying package.xml -> /home/bedylmz/Desktop/hw5_1/src/install/auto_drive/share/auto_drive
[8.057s] running install_egg_info
[8.059s] Copying ../build/auto_drive/auto_drive.egg-info to /home/bedylmz/Desktop/hw5_1/src/install/auto_drive/lib/python3.10/site-packages/auto_drive-0.0.0-py3.10.egg-info
[8.061s] running install_scripts
[8.080s] Installing drive script to /home/bedylmz/Desktop/hw5_1/src/install/auto_drive/lib/auto_drive
[8.080s] writing list of installed files to '/home/bedylmz/Desktop/hw5_1/src/build/auto_drive/install.log'
[8.113s] Invoked command in '/home/bedylmz/Desktop/hw5_1/src/auto_drive' returned '0': PYTHONPATH=/home/bedylmz/Desktop/hw5_1/src/build/auto_drive/prefix_override:/usr/lib/python3/dist-packages/colcon_core/task/python/colcon_distutils_commands:/home/bedylmz/Desktop/hw5_1/src/install/auto_drive/lib/python3.10/site-packages:${PYTHONPATH} /usr/bin/python3 -W ignore:setup.py install is deprecated -W ignore:easy_install command is deprecated setup.py egg_info --egg-base ../build/auto_drive build --build-base /home/bedylmz/Desktop/hw5_1/src/build/auto_drive/build install --record /home/bedylmz/Desktop/hw5_1/src/build/auto_drive/install.log --single-version-externally-managed install_data --force
