[0.089s] DEBUG:colcon:Command line arguments: ['/usr/bin/colcon', 'list', '-p', '--base-paths', '/home/bedylmz/Desktop/hw5_1/src', '--log-base', '/dev/null']
[0.089s] DEBUG:colcon:Parsed command line arguments: Namespace(log_base=None, log_level=None, verb_name='list', build_base='build', ignore_user_meta=False, metas=['./colcon.meta'], base_paths=['/home/bedylmz/Desktop/hw5_1/src', '--log-base', '/dev/null'], packages_ignore=None, packages_ignore_regex=None, paths=None, packages_up_to=None, packages_up_to_regex=None, packages_above=None, packages_above_and_dependencies=None, packages_above_depth=None, packages_select_by_dep=None, packages_skip_by_dep=None, packages_skip_up_to=None, packages_select_build_failed=False, packages_skip_build_finished=False, packages_select_test_failures=False, packages_skip_test_passed=False, packages_select=None, packages_skip=None, packages_select_regex=None, packages_skip_regex=None, packages_start=None, packages_end=None, allow_overriding=[], topological_order=False, names_only=False, paths_only=True, topological_graph=False, topological_graph_dot=False, topological_graph_density=False, topological_graph_legend=False, topological_graph_dot_cluster=False, topological_graph_dot_include_skipped=False, verb_parser=<colcon_defaults.argument_parser.defaults.DefaultArgumentsDecorator object at 0x7d8d9a251120>, verb_extension=<colcon_package_information.verb.list.ListVerb object at 0x7d8d9a2179a0>, main=<bound method ListVerb.main of <colcon_package_information.verb.list.ListVerb object at 0x7d8d9a2179a0>>)
[0.245s] Level 1:colcon.colcon_core.package_discovery:discover_packages(colcon_meta) check parameters
[0.245s] Level 1:colcon.colcon_core.package_discovery:discover_packages(recursive) check parameters
[0.245s] Level 1:colcon.colcon_core.package_discovery:discover_packages(ignore) check parameters
[0.245s] Level 1:colcon.colcon_core.package_discovery:discover_packages(path) check parameters
[0.245s] Level 1:colcon.colcon_core.package_discovery:discover_packages(recursive) discover
[0.245s] INFO:colcon.colcon_core.package_discovery:Crawling recursively for packages in '/home/bedylmz/Desktop/hw5_1/src', '/home/bedylmz/Desktop/hw5_1/src/--log-base', '/dev/null'
[0.245s] Level 1:colcon.colcon_core.package_identification:_identify(/home/bedylmz/Desktop/hw5_1/src) by extensions ['ignore', 'ignore_ament_install']
[0.246s] Level 1:colcon.colcon_core.package_identification:_identify(/home/bedylmz/Desktop/hw5_1/src) by extension 'ignore'
[0.246s] Level 1:colcon.colcon_core.package_identification:_identify(/home/bedylmz/Desktop/hw5_1/src) by extension 'ignore_ament_install'
[0.246s] Level 1:colcon.colcon_core.package_identification:_identify(/home/bedylmz/Desktop/hw5_1/src) by extensions ['colcon_pkg']
[0.246s] Level 1:colcon.colcon_core.package_identification:_identify(/home/bedylmz/Desktop/hw5_1/src) by extension 'colcon_pkg'
[0.246s] Level 1:colcon.colcon_core.package_identification:_identify(/home/bedylmz/Desktop/hw5_1/src) by extensions ['colcon_meta']
[0.246s] Level 1:colcon.colcon_core.package_identification:_identify(/home/bedylmz/Desktop/hw5_1/src) by extension 'colcon_meta'
[0.246s] Level 1:colcon.colcon_core.package_identification:_identify(/home/bedylmz/Desktop/hw5_1/src) by extensions ['ros']
[0.246s] Level 1:colcon.colcon_core.package_identification:_identify(/home/bedylmz/Desktop/hw5_1/src) by extension 'ros'
[0.256s] Level 1:colcon.colcon_core.package_identification:_identify(/home/bedylmz/Desktop/hw5_1/src) by extensions ['cmake', 'python']
[0.256s] Level 1:colcon.colcon_core.package_identification:_identify(/home/bedylmz/Desktop/hw5_1/src) by extension 'cmake'
[0.256s] Level 1:colcon.colcon_core.package_identification:_identify(/home/bedylmz/Desktop/hw5_1/src) by extension 'python'
[0.256s] Level 1:colcon.colcon_core.package_identification:_identify(/home/bedylmz/Desktop/hw5_1/src) by extensions ['python_setup_py']
[0.256s] Level 1:colcon.colcon_core.package_identification:_identify(/home/bedylmz/Desktop/hw5_1/src) by extension 'python_setup_py'
[0.256s] Level 1:colcon.colcon_core.package_identification:_identify(/home/bedylmz/Desktop/hw5_1/src/auto_drive) by extensions ['ignore', 'ignore_ament_install']
[0.256s] Level 1:colcon.colcon_core.package_identification:_identify(/home/bedylmz/Desktop/hw5_1/src/auto_drive) by extension 'ignore'
[0.256s] Level 1:colcon.colcon_core.package_identification:_identify(/home/bedylmz/Desktop/hw5_1/src/auto_drive) by extension 'ignore_ament_install'
[0.256s] Level 1:colcon.colcon_core.package_identification:_identify(/home/bedylmz/Desktop/hw5_1/src/auto_drive) by extensions ['colcon_pkg']
[0.256s] Level 1:colcon.colcon_core.package_identification:_identify(/home/bedylmz/Desktop/hw5_1/src/auto_drive) by extension 'colcon_pkg'
[0.256s] Level 1:colcon.colcon_core.package_identification:_identify(/home/bedylmz/Desktop/hw5_1/src/auto_drive) by extensions ['colcon_meta']
[0.256s] Level 1:colcon.colcon_core.package_identification:_identify(/home/bedylmz/Desktop/hw5_1/src/auto_drive) by extension 'colcon_meta'
[0.256s] Level 1:colcon.colcon_core.package_identification:_identify(/home/bedylmz/Desktop/hw5_1/src/auto_drive) by extensions ['ros']
[0.256s] Level 1:colcon.colcon_core.package_identification:_identify(/home/bedylmz/Desktop/hw5_1/src/auto_drive) by extension 'ros'
[0.259s] DEBUG:colcon.colcon_core.package_identification:Package '/home/bedylmz/Desktop/hw5_1/src/auto_drive' with type 'ros.ament_python' and name 'auto_drive'
[0.259s] Level 1:colcon.colcon_core.package_identification:_identify(/home/bedylmz/Desktop/hw5_1/src/log) by extensions ['ignore', 'ignore_ament_install']
[0.259s] Level 1:colcon.colcon_core.package_identification:_identify(/home/bedylmz/Desktop/hw5_1/src/log) by extension 'ignore'
[0.259s] Level 1:colcon.colcon_core.package_identification:_identify(/home/bedylmz/Desktop/hw5_1/src/log) ignored
[0.259s] Level 1:colcon.colcon_core.package_identification:_identify(/home/bedylmz/Desktop/hw5_1/src/map) by extensions ['ignore', 'ignore_ament_install']
[0.259s] Level 1:colcon.colcon_core.package_identification:_identify(/home/bedylmz/Desktop/hw5_1/src/map) by extension 'ignore'
[0.259s] Level 1:colcon.colcon_core.package_identification:_identify(/home/bedylmz/Desktop/hw5_1/src/map) by extension 'ignore_ament_install'
[0.259s] Level 1:colcon.colcon_core.package_identification:_identify(/home/bedylmz/Desktop/hw5_1/src/map) by extensions ['colcon_pkg']
[0.259s] Level 1:colcon.colcon_core.package_identification:_identify(/home/bedylmz/Desktop/hw5_1/src/map) by extension 'colcon_pkg'
[0.260s] Level 1:colcon.colcon_core.package_identification:_identify(/home/bedylmz/Desktop/hw5_1/src/map) by extensions ['colcon_meta']
[0.260s] Level 1:colcon.colcon_core.package_identification:_identify(/home/bedylmz/Desktop/hw5_1/src/map) by extension 'colcon_meta'
[0.260s] Level 1:colcon.colcon_core.package_identification:_identify(/home/bedylmz/Desktop/hw5_1/src/map) by extensions ['ros']
[0.260s] Level 1:colcon.colcon_core.package_identification:_identify(/home/bedylmz/Desktop/hw5_1/src/map) by extension 'ros'
[0.260s] Level 1:colcon.colcon_core.package_identification:_identify(/home/bedylmz/Desktop/hw5_1/src/map) by extensions ['cmake', 'python']
[0.260s] Level 1:colcon.colcon_core.package_identification:_identify(/home/bedylmz/Desktop/hw5_1/src/map) by extension 'cmake'
[0.260s] Level 1:colcon.colcon_core.package_identification:_identify(/home/bedylmz/Desktop/hw5_1/src/map) by extension 'python'
[0.260s] Level 1:colcon.colcon_core.package_identification:_identify(/home/bedylmz/Desktop/hw5_1/src/map) by extensions ['python_setup_py']
[0.260s] Level 1:colcon.colcon_core.package_identification:_identify(/home/bedylmz/Desktop/hw5_1/src/map) by extension 'python_setup_py'
[0.260s] Level 1:colcon.colcon_core.package_discovery:discover_packages(recursive) using defaults
